0 info it worked if it ends with ok
1 verbose cli [ 'd:\\Program Files\\nodejs\\node.exe',
1 verbose cli   'd:\\Program Files\\nodejs\\node_modules\\npm\\bin\\npm-cli.js',
1 verbose cli   'start' ]
2 info using npm@3.3.12
3 info using node@v5.3.0
4 verbose run-script [ 'prestart', 'start', 'poststart' ]
5 info lifecycle VankeEdu@1.0.0~prestart: VankeEdu@1.0.0
6 silly lifecycle VankeEdu@1.0.0~prestart: no script for prestart, continuing
7 info lifecycle VankeEdu@1.0.0~start: VankeEdu@1.0.0
8 verbose lifecycle VankeEdu@1.0.0~start: unsafe-perm in lifecycle true
9 verbose lifecycle VankeEdu@1.0.0~start: PATH: d:\Program Files\nodejs\node_modules\npm\bin\node-gyp-bin;e:\out_codes\VankeEdu\node_modules\.bin;c:\Users\Mrlan\bin;.;D:\Program Files (x86)\Git\local\bin;D:\Program Files (x86)\Git\mingw\bin;D:\Program Files (x86)\Git\bin;c:\Windows\system32;c:\Windows;c:\Windows\System32\Wbem;c:\Windows\System32\WindowsPowerShell\v1.0\;c:\Program Files (x86)\NVIDIA Corporation\PhysX\Common;c:\Program Files (x86)\Windows Kits\8.1\Windows Performance Toolkit\;c:\Program Files\Microsoft SQL Server\110\Tools\Binn\;c:\Program Files (x86)\Microsoft SDKs\TypeScript\1.0\;c:\Program Files\Microsoft SQL Server\120\Tools\Binn\;c:\Program Files (x86)\GtkSharp\2.12\bin;f:\Games\Sonkwo\;c:\Program Files\Internet Explorer;c:\WINDOWS\system32;c:\WINDOWS;c:\WINDOWS\System32\Wbem;c:\WINDOWS\System32\WindowsPowerShell\v1.0\;d:\Python27\Scripts;d:\Program Files\nodejs\;d:\Python27\;d:\Cocos\frameworks\cocos2d-js-v3.6.1\tools\cocos2d-console\bin;c:\Users\Mrlan\AppData\Roaming\npm;c:\Users\Mrlan\AppData\Local\atom\bin
10 verbose lifecycle VankeEdu@1.0.0~start: CWD: e:\out_codes\VankeEdu
11 silly lifecycle VankeEdu@1.0.0~start: Args: [ '/d /s /c', 'webpack-dev-server' ]
12 silly lifecycle VankeEdu@1.0.0~start: Returned: code: 1  signal: null
13 info lifecycle VankeEdu@1.0.0~start: Failed to exec start script
14 verbose stack Error: VankeEdu@1.0.0 start: `webpack-dev-server`
14 verbose stack Exit status 1
14 verbose stack     at EventEmitter.<anonymous> (d:\Program Files\nodejs\node_modules\npm\lib\utils\lifecycle.js:232:16)
14 verbose stack     at emitTwo (events.js:87:13)
14 verbose stack     at EventEmitter.emit (events.js:172:7)
14 verbose stack     at ChildProcess.<anonymous> (d:\Program Files\nodejs\node_modules\npm\lib\utils\spawn.js:24:14)
14 verbose stack     at emitTwo (events.js:87:13)
14 verbose stack     at ChildProcess.emit (events.js:172:7)
14 verbose stack     at maybeClose (internal/child_process.js:818:16)
14 verbose stack     at Process.ChildProcess._handle.onexit (internal/child_process.js:211:5)
15 verbose pkgid VankeEdu@1.0.0
16 verbose cwd e:\out_codes\VankeEdu
17 error Windows_NT 10.0.10586
18 error argv "d:\\Program Files\\nodejs\\node.exe" "d:\\Program Files\\nodejs\\node_modules\\npm\\bin\\npm-cli.js" "start"
19 error node v5.3.0
20 error npm  v3.3.12
21 error code ELIFECYCLE
22 error VankeEdu@1.0.0 start: `webpack-dev-server`
22 error Exit status 1
23 error Failed at the VankeEdu@1.0.0 start script 'webpack-dev-server'.
23 error Make sure you have the latest version of node.js and npm installed.
23 error If you do, this is most likely a problem with the VankeEdu package,
23 error not with npm itself.
23 error Tell the author that this fails on your system:
23 error     webpack-dev-server
23 error You can get their info via:
23 error     npm owner ls VankeEdu
23 error There is likely additional logging output above.
24 verbose exit [ 1, true ]
